\BOOKMARK [1][-]{section.1}{\376\377\000L\000e\000c\000t\000u\000r\000e\000\040\000r\000e\000v\000i\000e\000w}{}% 1
\BOOKMARK [1][-]{section.2}{\376\377\000T\000h\000e\000o\000r\000e\000t\000i\000c\000a\000l\000\040\000B\000a\000c\000k\000g\000r\000o\000u\000n\000d}{}% 2
\BOOKMARK [2][-]{subsection.2.1}{\376\377\000R\000e\000l\000a\000t\000i\000v\000e\000\040\000P\000o\000s\000e\000\040\000E\000s\000t\000i\000m\000a\000t\000i\000o\000n\000\040\000o\000f\000\040\000t\000h\000e\000\040\000R\000o\000b\000o\000t}{section.2}% 3
\BOOKMARK [3][-]{subsubsection.2.1.1}{\376\377\000C\000o\000o\000r\000d\000i\000n\000a\000t\000e\000\040\000S\000y\000s\000t\000e\000m\000s\000\040\000a\000n\000d\000\040\000t\000h\000e\000\040\000C\000h\000a\000i\000n\000\040\000R\000u\000l\000e}{subsection.2.1}% 4
\BOOKMARK [3][-]{subsubsection.2.1.2}{\376\377\000C\000o\000o\000r\000d\000i\000n\000a\000t\000e\000\040\000T\000r\000a\000n\000s\000f\000o\000r\000m\000a\000t\000i\000o\000n\000\040\000U\000p\000d\000a\000t\000e\000\040\000B\000a\000s\000e\000d\000\040\000o\000n\000\040\000V\000e\000l\000o\000c\000i\000t\000y\000\040\000a\000n\000d\000\040\000A\000t\000t\000i\000t\000u\000d\000e}{subsection.2.1}% 5
\BOOKMARK [2][-]{subsection.2.2}{\376\377\000T\000h\000e\000o\000r\000e\000t\000i\000c\000a\000l\000\040\000B\000a\000c\000k\000g\000r\000o\000u\000n\000d\000\040\000o\000f\000\040\0002\000D\000\040\000M\000a\000p\000\040\000G\000e\000n\000e\000r\000a\000t\000i\000o\000n}{section.2}% 6
\BOOKMARK [3][-]{subsubsection.2.2.1}{\376\377\000T\000w\000o\000-\000D\000i\000m\000e\000n\000s\000i\000o\000n\000a\000l\000\040\000G\000r\000i\000d\000\040\000M\000a\000p\000\040\000a\000n\000d\000\040\000I\000t\000s\000\040\000R\000o\000l\000e}{subsection.2.2}% 7
\BOOKMARK [3][-]{subsubsection.2.2.2}{\376\377\000G\000r\000o\000u\000n\000d\000\040\000L\000a\000y\000e\000r\000\040\000S\000e\000l\000e\000c\000t\000i\000o\000n}{subsection.2.2}% 8
\BOOKMARK [3][-]{subsubsection.2.2.3}{\376\377\000E\000i\000g\000e\000n\000v\000a\000l\000u\000e\000s\000\040\000a\000n\000d\000\040\000E\000i\000g\000e\000n\000v\000e\000c\000t\000o\000r\000s}{subsection.2.2}% 9
\BOOKMARK [1][-]{section.3}{\376\377\000M\000e\000t\000h\000o\000d\000s}{}% 10
\BOOKMARK [2][-]{subsection.3.1}{\376\377\000S\000w\000a\000r\000m\000\040\000S\000c\000a\000n\000n\000i\000n\000g\000\040\000a\000n\000d\000\040\000C\000e\000n\000t\000r\000a\000l\000i\000z\000e\000d\000\040\000P\000r\000o\000c\000e\000s\000s\000i\000n\000g\000\040\000A\000r\000c\000h\000i\000t\000e\000c\000t\000u\000r\000e}{section.3}% 11
\BOOKMARK [2][-]{subsection.3.2}{\376\377\000R\000o\000b\000o\000t\000\040\000P\000l\000a\000t\000f\000o\000r\000m}{section.3}% 12
\BOOKMARK [2][-]{subsection.3.3}{\376\377\000R\000T\000O\000S\000-\000B\000a\000s\000e\000d\000\040\000R\000o\000b\000o\000t\000\040\000C\000o\000n\000t\000r\000o\000l\000\040\000A\000r\000c\000h\000i\000t\000e\000c\000t\000u\000r\000e}{section.3}% 13
\BOOKMARK [2][-]{subsection.3.4}{\376\377\0002\000D\000\040\000M\000a\000p\000\040\000G\000e\000n\000e\000r\000a\000t\000i\000o\000n\000\040\000a\000n\000d\000\040\000C\000o\000s\000t\000\040\000M\000o\000d\000e\000l\000i\000n\000g}{section.3}% 14
\BOOKMARK [3][-]{subsubsection.3.4.1}{\376\377\000C\000o\000s\000t\000i\000n\000g\000\040\000c\000o\000m\000p\000u\000t\000a\000t\000i\000o\000n\000.}{subsection.3.4}% 15
\BOOKMARK [3][-]{figure.caption.6}{\376\377\000E\000n\000v\000i\000r\000o\000n\000m\000e\000n\000t\000\040\000t\000y\000p\000e\000s\000\040\000a\000n\000d\000\040\000s\000t\000a\000t\000e\000\040\000c\000o\000n\000v\000e\000r\000s\000i\000o\000n\000.}{subsection.3.4}% 16
\BOOKMARK [3][-]{figure.caption.7}{\376\377\000M\000a\000p\000\040\000o\000v\000e\000r\000w\000r\000i\000t\000e\000\040\000a\000n\000d\000\040\000m\000e\000r\000g\000i\000n\000g\000.}{subsection.3.4}% 17
\BOOKMARK [1][-]{section*.8}{\376\377\000R\000e\000f\000e\000r\000e\000n\000c\000e\000s}{}% 18
\BOOKMARK [1][-]{section.4}{\376\377\000C\000o\000n\000t\000r\000i\000b\000u\000t\000i\000o\000n}{}% 19
\BOOKMARK [2][-]{subsection.4.1}{\376\377\000R\000o\000l\000e\000s\000\040\000o\000f\000\040\000T\000e\000a\000m\000\040\000M\000e\000m\000b\000e\000r\000s\000\040\000i\000n\000\040\000t\000h\000e\000\040\000P\000r\000o\000j\000e\000c\000t}{section.4}% 20
\BOOKMARK [2][-]{subsection.4.2}{\376\377\000S\000e\000c\000t\000i\000o\000n\000s\000\040\000W\000r\000i\000t\000t\000e\000n\000\040\000b\000y\000\040\000E\000a\000c\000h\000\040\000T\000e\000a\000m\000\040\000M\000e\000m\000b\000e\000r}{section.4}% 21
\BOOKMARK [1][-]{section*.9}{\376\377\000A\000p\000p\000e\000n\000d\000i\000x\000\040\000A\000:\000\040\000H\000a\000r\000d\000w\000a\000r\000e\000\040\000I\000t\000e\000r\000a\000t\000i\000o\000n\000\040\000o\000f\000\040\000t\000h\000e\000\040\000R\000o\000b\000o\000t\000\040\000P\000l\000a\000t\000f\000o\000r\000m}{}% 22
\BOOKMARK [2][-]{subsection.Appendix.A.1}{\376\377\000F\000i\000r\000s\000t\000-\000G\000e\000n\000e\000r\000a\000t\000i\000o\000n\000\040\000R\000o\000b\000o\000t}{section*.9}% 23
\BOOKMARK [2][-]{subsection.Appendix.A.2}{\376\377\000S\000e\000c\000o\000n\000d\000-\000G\000e\000n\000e\000r\000a\000t\000i\000o\000n\000\040\000R\000o\000b\000o\000t}{section*.9}% 24
\BOOKMARK [2][-]{subsection.Appendix.A.3}{\376\377\000B\000i\000l\000l\000\040\000o\000f\000\040\000M\000a\000t\000e\000r\000i\000a\000l\000s\000\040\000a\000n\000d\000\040\000C\000o\000s\000t\000\040\000E\000s\000t\000i\000m\000a\000t\000e}{section*.9}% 25
\BOOKMARK [2][-]{subsection.Appendix.A.4}{\376\377\000C\000o\000m\000p\000a\000r\000i\000s\000o\000n\000\040\000B\000e\000t\000w\000e\000e\000n\000\040\000t\000h\000e\000\040\000T\000w\000o\000\040\000G\000e\000n\000e\000r\000a\000t\000i\000o\000n\000s}{section*.9}% 26
\BOOKMARK [2][-]{subsection.Appendix.A.5}{\376\377\000R\000e\000p\000o\000s\000i\000t\000o\000r\000i\000e\000s\000\040\000R\000e\000l\000a\000t\000e\000d\000\040\000t\000o\000\040\000T\000h\000i\000s\000\040\000W\000o\000r\000k}{section*.9}% 27
\BOOKMARK [2][-]{subsection.Appendix.A.6}{\376\377\000A\000I\000\040\000A\000s\000s\000i\000s\000t\000a\000n\000c\000e\000\040\000S\000t\000a\000t\000e\000m\000e\000n\000t}{section*.9}% 28
